<?xml version="1.0" encoding="UTF-8"?>
<!-- Generated by org.testng.reporters.JUnitReportReporter -->
<testsuite hostname="LAPTOP-GAD15EJN" name="wangxinping.testcase.UserInfoTest" tests="26" failures="0" timestamp="29 Apr 2020 03:09:05 GMT" time="288.505" errors="0">
  <testcase name="test_edit_user_info" time="8.361" classname="wangxinping.testcase.UserInfoTest"/>
  <testcase name="test_edit_user_PID" time="11.391" classname="wangxinping.testcase.UserInfoTest"/>
  <testcase name="test_edit_user_name_success" time="12.503" classname="wangxinping.testcase.UserInfoTest"/>
  <testcase name="test_edit_user_name_fail" time="11.845" classname="wangxinping.testcase.UserInfoTest"/>
  <testcase name="test_edit_user_name_success" time="12.513" classname="wangxinping.testcase.UserInfoTest"/>
  <testcase name="test_edit_user_info" time="8.395" classname="wangxinping.testcase.UserInfoTest"/>
  <testcase name="test_click_back" time="7.258" classname="wangxinping.testcase.UserInfoTest"/>
  <testcase name="test_edit_user_PID" time="12.632" classname="wangxinping.testcase.UserInfoTest"/>
  <testcase name="test_edit_user_PID" time="11.346" classname="wangxinping.testcase.UserInfoTest"/>
  <testcase name="test_edit_user_password" time="11.449" classname="wangxinping.testcase.UserInfoTest"/>
  <testcase name="loginsucess" time="8.356" classname="wangxinping.testcase.UserInfoTest"/>
  <testcase name="test_edit_user_PID" time="11.587" classname="wangxinping.testcase.UserInfoTest"/>
  <testcase name="test_edit_user_PID" time="12.171" classname="wangxinping.testcase.UserInfoTest"/>
  <testcase name="test_edit_user_name_success" time="12.236" classname="wangxinping.testcase.UserInfoTest"/>
  <testcase name="test_edit_user_PID" time="12.621" classname="wangxinping.testcase.UserInfoTest"/>
  <testcase name="test_edit_user_password" time="12.997" classname="wangxinping.testcase.UserInfoTest"/>
  <testcase name="test_edit_user_password" time="11.609" classname="wangxinping.testcase.UserInfoTest"/>
  <testcase name="test_edit_user_info" time="8.455" classname="wangxinping.testcase.UserInfoTest"/>
  <testcase name="test_edit_user_password" time="11.141" classname="wangxinping.testcase.UserInfoTest"/>
  <testcase name="test_edit_user_name_success" time="12.739" classname="wangxinping.testcase.UserInfoTest"/>
  <testcase name="test_edit_user_password" time="12.106" classname="wangxinping.testcase.UserInfoTest"/>
  <testcase name="test_edit_user_name_success" time="12.015" classname="wangxinping.testcase.UserInfoTest"/>
  <testcase name="test_edit_user_password" time="11.722" classname="wangxinping.testcase.UserInfoTest"/>
  <testcase name="test_edit_user_password" time="11.273" classname="wangxinping.testcase.UserInfoTest"/>
  <testcase name="test_edit_user_name_fail" time="11.357" classname="wangxinping.testcase.UserInfoTest"/>
  <testcase name="test_edit_user_info" time="8.427" classname="wangxinping.testcase.UserInfoTest"/>
</testsuite> <!-- wangxinping.testcase.UserInfoTest -->
