<?xml version="1.0" encoding="UTF-8"?>
<!-- Generated by org.testng.reporters.JUnitReportReporter -->
<testsuite hostname="LAPTOP-GAD15EJN" name="wangxinping.testcase.LoginTest" tests="1" failures="0" timestamp="20 Apr 2020 07:21:57 GMT" time="4.547" errors="0">
  <testcase name="loginSucess" time="4.547" classname="wangxinping.testcase.LoginTest"/>
</testsuite> <!-- wangxinping.testcase.LoginTest -->
