<?xml version="1.0" encoding="UTF-8"?>
<!-- Generated by org.testng.reporters.JUnitReportReporter -->
<testsuite hostname="LAPTOP-GAD15EJN" name="wangxinping.testcase.UserInfoTest" tests="26" failures="0" timestamp="6 May 2020 03:34:31 GMT" time="269.236" errors="0">
  <testcase name="test_edit_user_password" time="10.236" classname="wangxinping.testcase.UserInfoTest"/>
  <testcase name="test_edit_user_password" time="11.362" classname="wangxinping.testcase.UserInfoTest"/>
  <testcase name="test_edit_user_PID" time="10.660" classname="wangxinping.testcase.UserInfoTest"/>
  <testcase name="test_edit_user_name_fail" time="10.992" classname="wangxinping.testcase.UserInfoTest"/>
  <testcase name="test_edit_user_name_success" time="12.081" classname="wangxinping.testcase.UserInfoTest"/>
  <testcase name="test_edit_user_name_success" time="11.861" classname="wangxinping.testcase.UserInfoTest"/>
  <testcase name="test_edit_user_PID" time="11.490" classname="wangxinping.testcase.UserInfoTest"/>
  <testcase name="test_edit_user_PID" time="10.794" classname="wangxinping.testcase.UserInfoTest"/>
  <testcase name="test_click_back" time="6.295" classname="wangxinping.testcase.UserInfoTest"/>
  <testcase name="test_edit_user_info" time="8.102" classname="wangxinping.testcase.UserInfoTest"/>
  <testcase name="test_edit_user_password" time="10.811" classname="wangxinping.testcase.UserInfoTest"/>
  <testcase name="test_edit_user_PID" time="11.236" classname="wangxinping.testcase.UserInfoTest"/>
  <testcase name="test_edit_user_PID" time="11.210" classname="wangxinping.testcase.UserInfoTest"/>
  <testcase name="test_edit_user_info" time="8.017" classname="wangxinping.testcase.UserInfoTest"/>
  <testcase name="test_edit_user_name_success" time="11.198" classname="wangxinping.testcase.UserInfoTest"/>
  <testcase name="test_edit_user_password" time="11.412" classname="wangxinping.testcase.UserInfoTest"/>
  <testcase name="test_edit_user_name_fail" time="8.961" classname="wangxinping.testcase.UserInfoTest"/>
  <testcase name="test_edit_user_PID" time="10.990" classname="wangxinping.testcase.UserInfoTest"/>
  <testcase name="test_edit_user_name_success" time="11.866" classname="wangxinping.testcase.UserInfoTest"/>
  <testcase name="test_edit_user_name_success" time="11.420" classname="wangxinping.testcase.UserInfoTest"/>
  <testcase name="loginsucess" time="7.836" classname="wangxinping.testcase.UserInfoTest"/>
  <testcase name="test_edit_user_password" time="12.346" classname="wangxinping.testcase.UserInfoTest"/>
  <testcase name="test_edit_user_info" time="7.905" classname="wangxinping.testcase.UserInfoTest"/>
  <testcase name="test_edit_user_info" time="7.950" classname="wangxinping.testcase.UserInfoTest"/>
  <testcase name="test_edit_user_password" time="11.078" classname="wangxinping.testcase.UserInfoTest"/>
  <testcase name="test_edit_user_password" time="11.127" classname="wangxinping.testcase.UserInfoTest"/>
</testsuite> <!-- wangxinping.testcase.UserInfoTest -->
