<?xml version="1.0" encoding="UTF-8"?>
<!-- Generated by org.testng.reporters.JUnitReportReporter -->
<testsuite hostname="LAPTOP-GAD15EJN" name="wangxinping.testcase.SetupTest" tests="13" failures="0" timestamp="22 Apr 2020 03:07:41 GMT" time="123.111" errors="0">
  <testcase name="test_edit_user_info" time="8.132" classname="wangxinping.testcase.SetupTest"/>
  <testcase name="test_edit_user_password" time="11.103" classname="wangxinping.testcase.SetupTest"/>
  <testcase name="test_click_back" time="6.265" classname="wangxinping.testcase.SetupTest"/>
  <testcase name="test_edit_user_password" time="10.910" classname="wangxinping.testcase.SetupTest"/>
  <testcase name="test_edit_user_password" time="11.400" classname="wangxinping.testcase.SetupTest"/>
  <testcase name="test_edit_user_info" time="7.994" classname="wangxinping.testcase.SetupTest"/>
  <testcase name="test_edit_user_password" time="10.616" classname="wangxinping.testcase.SetupTest"/>
  <testcase name="test_edit_user_password" time="10.339" classname="wangxinping.testcase.SetupTest"/>
  <testcase name="test_edit_user_info" time="8.021" classname="wangxinping.testcase.SetupTest"/>
  <testcase name="loginsucess" time="8.943" classname="wangxinping.testcase.SetupTest"/>
  <testcase name="test_edit_user_password" time="10.009" classname="wangxinping.testcase.SetupTest"/>
  <testcase name="test_edit_user_info" time="8.220" classname="wangxinping.testcase.SetupTest"/>
  <testcase name="test_edit_user_password" time="11.159" classname="wangxinping.testcase.SetupTest"/>
</testsuite> <!-- wangxinping.testcase.SetupTest -->
