<?xml version="1.0" encoding="UTF-8"?>
<!-- Generated by org.testng.reporters.JUnitReportReporter -->
<testsuite hostname="LAPTOP-KG4V20B1" name="testcase.CartTest" tests="2" failures="0" timestamp="29 Apr 2020 03:06:47 GMT" time="2.254" errors="0">
  <testcase name="back" time="0.125" classname="testcase.CartTest"/>
  <testcase name="Cart" time="2.129" classname="testcase.CartTest"/>
</testsuite> <!-- testcase.CartTest -->
