<?xml version="1.0" encoding="UTF-8"?>
<!-- Generated by org.testng.reporters.JUnitReportReporter -->
<testsuite hostname="LAPTOP-KG4V20B1" name="testcase.MainTest" tests="1" failures="0" timestamp="22 Apr 2020 02:48:03 GMT" time="11.241" errors="0">
  <testcase name="MainSuccess" time="11.241" classname="testcase.MainTest"/>
</testsuite> <!-- testcase.MainTest -->
