<?xml version="1.0" encoding="UTF-8"?>
<!-- Generated by org.testng.reporters.JUnitReportReporter -->
<testsuite hostname="LAPTOP-KG4V20B1" name="jinmingming.testcase.MainTest" tests="1" failures="0" timestamp="11 May 2020 13:54:10 GMT" time="5.194" errors="0">
  <testcase name="MainSuccess" time="5.194" classname="jinmingming.testcase.MainTest"/>
</testsuite> <!-- jinmingming.testcase.MainTest -->
