<?xml version="1.0" encoding="UTF-8"?>
<!-- Generated by org.testng.reporters.JUnitReportReporter -->
<testsuite hostname="LAPTOP-KG4V20B1" name="testcase.LoginTest" tests="1" failures="0" timestamp="22 Apr 2020 02:32:16 GMT" time="5.675" errors="0">
  <testcase name="loginSucess" time="5.675" classname="testcase.LoginTest"/>
</testsuite> <!-- testcase.LoginTest -->
