<?xml version="1.0" encoding="UTF-8"?>
<!-- Generated by org.testng.reporters.JUnitReportReporter -->
<testsuite hostname="LAPTOP-KG4V20B1" name="testcase.MainTest" tests="3" failures="0" timestamp="29 Apr 2020 03:09:07 GMT" time="6.270" errors="0">
  <testcase name="MainSuccess" time="5.279" classname="testcase.MainTest"/>
  <testcase name="Order" time="0.136" classname="testcase.MainTest"/>
  <testcase name="Back" time="0.855" classname="testcase.MainTest"/>
</testsuite> <!-- testcase.MainTest -->
