<?xml version="1.0" encoding="UTF-8"?>
<!-- Generated by org.testng.reporters.JUnitReportReporter -->
<testsuite skipped="0" hostname="lhz" name="com.edu.test.Demo1" tests="1" failures="0" timestamp="18 九月 2019 05:38:00 GMT" time="0.016" errors="0">
  <testcase name="t1" time="0.016" classname="com.edu.test.Demo1"/>
</testsuite> <!-- com.edu.test.Demo1 -->
