<?xml version="1.0" encoding="UTF-8"?>
<!-- Generated by org.testng.reporters.JUnitReportReporter -->
<testsuite hostname="DESKTOP-D852GDA" name="testcase.FindMedicinalTest" tests="1" failures="0" timestamp="29 Apr 2020 10:11:51 GMT" time="4.878" errors="0">
  <testcase name="serach" time="4.878" classname="testcase.FindMedicinalTest"/>
</testsuite> <!-- testcase.FindMedicinalTest -->
