<?xml version="1.0" encoding="UTF-8"?>
<!-- Generated by org.testng.reporters.JUnitReportReporter -->
<testsuite hostname="DESKTOP-D852GDA" name="testcase.FindMedicinalTest" tests="1" failures="0" timestamp="8 May 2020 03:37:46 GMT" time="2.118" errors="0">
  <testcase name="back" time="2.118" classname="testcase.FindMedicinalTest"/>
</testsuite> <!-- testcase.FindMedicinalTest -->
