<?xml version="1.0" encoding="UTF-8"?>
<!-- Generated by org.testng.reporters.JUnitReportReporter -->
<testsuite hostname="dell-5110" name="lixiaoyue.testcase.WeTest" tests="17" failures="0" timestamp="29 Apr 2020 13:55:28 GMT" time="253.068" errors="0">
  <testcase name="Select_Doctor" time="18.069" classname="lixiaoyue.testcase.WeTest"/>
  <testcase name="EditQuestion" time="16.647" classname="lixiaoyue.testcase.WeTest"/>
  <testcase name="findDoctor" time="5.844" classname="lixiaoyue.testcase.WeTest"/>
  <testcase name="Select_Doctor" time="18.492" classname="lixiaoyue.testcase.WeTest"/>
  <testcase name="Select_Doctor" time="18.020" classname="lixiaoyue.testcase.WeTest"/>
  <testcase name="Select_Doctor" time="18.062" classname="lixiaoyue.testcase.WeTest"/>
  <testcase name="ClickWe" time="6.194" classname="lixiaoyue.testcase.WeTest"/>
  <testcase name="Select_Doctor" time="17.996" classname="lixiaoyue.testcase.WeTest"/>
  <testcase name="ClickFirst" time="5.697" classname="lixiaoyue.testcase.WeTest"/>
  <testcase name="Select_Doctor" time="17.967" classname="lixiaoyue.testcase.WeTest"/>
  <testcase name="Select_Doctor" time="18.346" classname="lixiaoyue.testcase.WeTest"/>
  <testcase name="Select_Doctor" time="18.515" classname="lixiaoyue.testcase.WeTest"/>
  <testcase name="EditQuestion" time="16.552" classname="lixiaoyue.testcase.WeTest"/>
  <testcase name="EditQuestion" time="16.460" classname="lixiaoyue.testcase.WeTest"/>
  <testcase name="EditQuestion" time="16.877" classname="lixiaoyue.testcase.WeTest"/>
  <testcase name="EditQuestion" time="17.302" classname="lixiaoyue.testcase.WeTest"/>
  <testcase name="login" time="6.028" classname="lixiaoyue.testcase.WeTest"/>
</testsuite> <!-- lixiaoyue.testcase.WeTest -->
