<?xml version="1.0" encoding="UTF-8"?>
<!-- Generated by org.testng.reporters.JUnitReportReporter -->
<testsuite hostname="dell-5110" name="edu.base.demo" tests="1" failures="0" timestamp="28 Apr 2020 03:23:54 GMT" time="28.198" errors="0">
  <testcase name="test1" time="28.198" classname="edu.base.demo"/>
</testsuite> <!-- edu.base.demo -->
