<?xml version="1.0" encoding="UTF-8"?>
<!-- Generated by org.testng.reporters.JUnitReportReporter -->
<testsuite hostname="LAPTOP-KG4V20B1" name="edu.testcase.HomePageTest" tests="1" failures="0" timestamp="24 Mar 2020 13:55:18 GMT" time="7.684" errors="0">
  <testcase name="testDeleteItem" time="7.684" classname="edu.testcase.HomePageTest"/>
</testsuite> <!-- edu.testcase.HomePageTest -->
